<?xml version="1.0" encoding="UTF-8"?>
<testng-results ignored="0" total="2" passed="2" failed="0" skipped="0">
  <reporter-output>
  </reporter-output>
  <suite started-at="2022-08-17T09:11:55 IST" name="Sapphiros" finished-at="2022-08-17T09:12:57 IST" duration-ms="62034">
    <groups>
    </groups>
    <test started-at="2022-08-17T09:11:55 IST" name="Internal admin" finished-at="2022-08-17T09:12:57 IST" duration-ms="62034">
      <class name="internaladmin.CreateInternalUserTest">
        <test-method signature="CreateCategory()[pri:0, instance:internaladmin.CreateInternalUserTest@5b04476e]" started-at="2022-08-17T09:12:46 IST" name="CreateCategory" finished-at="2022-08-17T09:12:57 IST" duration-ms="10169" status="PASS">
          <reporter-output>
          </reporter-output>
        </test-method> <!-- CreateCategory -->
      </class> <!-- internaladmin.CreateInternalUserTest -->
      <class name="internaladmin.Logintest">
        <test-method signature="basePageNavigation()[pri:0, instance:internaladmin.Logintest@60f7cc1d]" started-at="2022-08-17T09:11:55 IST" name="basePageNavigation" finished-at="2022-08-17T09:12:46 IST" duration-ms="51621" status="PASS">
          <reporter-output>
          </reporter-output>
        </test-method> <!-- basePageNavigation -->
      </class> <!-- internaladmin.Logintest -->
    </test> <!-- Internal admin -->
  </suite> <!-- Sapphiros -->
</testng-results>
