<?xml version="1.0" encoding="UTF-8"?>
<testng-results skipped="0" failed="0" ignored="0" total="1" passed="1">
  <reporter-output>
  </reporter-output>
  <suite name="Test Automation Test Suite" duration-ms="44976" started-at="2019-09-23T10:14:41Z" finished-at="2019-09-23T10:15:26Z">
    <groups>
    </groups>
    <test name="Functional Testing" duration-ms="44976" started-at="2019-09-23T10:14:41Z" finished-at="2019-09-23T10:15:26Z">
      <class name="com.qa.testcases.PGVPageTest">
        <test-method status="PASS" signature="SetUp(java.lang.String, java.lang.String, java.lang.String, java.lang.String, java.lang.String, java.lang.String, java.lang.String, java.lang.String)[pri:0, instance:com.qa.testcases.PGVPageTest@5abca1e0]" name="SetUp" is-config="true" duration-ms="20042" started-at="2019-09-23T15:44:42Z" finished-at="2019-09-23T15:45:02Z">
          <params>
            <param index="0">
              <value>
                <![CDATA[]]>
              </value>
            </param>
            <param index="1">
              <value>
                <![CDATA[]]>
              </value>
            </param>
            <param index="2">
              <value>
                <![CDATA[]]>
              </value>
            </param>
            <param index="3">
              <value>
                <![CDATA[]]>
              </value>
            </param>
            <param index="4">
              <value>
                <![CDATA[chrome]]>
              </value>
            </param>
            <param index="5">
              <value>
                <![CDATA[]]>
              </value>
            </param>
            <param index="6">
              <value>
                <![CDATA[]]>
              </value>
            </param>
            <param index="7">
              <value>
                <![CDATA[]]>
              </value>
            </param>
          </params>
          <reporter-output>
          </reporter-output>
        </test-method> <!-- SetUp -->
        <test-method status="PASS" signature="createGene()[pri:10, instance:com.qa.testcases.PGVPageTest@5abca1e0]" name="createGene" duration-ms="24605" started-at="2019-09-23T15:45:02Z" finished-at="2019-09-23T15:45:26Z">
          <reporter-output>
          </reporter-output>
        </test-method> <!-- createGene -->
        <test-method status="PASS" signature="tearAfter()[pri:0, instance:com.qa.testcases.PGVPageTest@5abca1e0]" name="tearAfter" is-config="true" duration-ms="0" started-at="2019-09-23T15:45:27Z" finished-at="2019-09-23T15:45:27Z">
          <reporter-output>
          </reporter-output>
        </test-method> <!-- tearAfter -->
      </class> <!-- com.qa.testcases.PGVPageTest -->
    </test> <!-- Functional Testing -->
  </suite> <!-- Test Automation Test Suite -->
</testng-results>
