<?xml version="1.0" encoding="UTF-8"?>
<!-- Generated by org.testng.reporters.JUnitXMLReporter -->
<testsuite hostname="Sarath-MBP.local" ignored="0" name="Test1" tests="1" failures="1" timestamp="25 Feb 2022 14:50:56 GMT" time="0.078" errors="0">
  <testcase name="geneCreation" time="0.057" classname="internaladmin.Genetest">
    <failure type="java.lang.NullPointerException">
      <![CDATA[java.lang.NullPointerException
	at org.openqa.selenium.support.pagefactory.DefaultElementLocator.findElement(DefaultElementLocator.java:70)
	at org.openqa.selenium.support.pagefactory.internal.LocatingElementHandler.invoke(LocatingElementHandler.java:39)
	at com.sun.proxy.$Proxy13.click(Unknown Source)
	at internaladmin.Genetest.geneCreation(Genetest.java:13)
... Removed 25 stack frames]]>
    </failure>
  </testcase> <!-- geneCreation -->
</testsuite> <!-- Test1 -->
